#
# There is insufficient memory for the Java Runtime Environment to continue.
# Native memory allocation (malloc) failed to allocate 1048576 bytes for AllocateHeap
# Possible reasons:
#   The system is out of physical RAM or swap space
#   The process is running with CompressedOops enabled, and the Java Heap may be blocking the growth of the native heap
# Possible solutions:
#   Reduce memory load on the system
#   Increase physical memory or swap space
#   Check if swap backing store is full
#   Decrease Java heap size (-Xmx/-Xms)
#   Decrease number of Java threads
#   Decrease Java thread stack sizes (-Xss)
#   Set larger code cache with -XX:ReservedCodeCacheSize=
#   JVM is running with Unscaled Compressed Oops mode in which the Java heap is
#     placed in the first 4GB address space. The Java Heap base address is the
#     maximum limit for the native heap growth. Please use -XX:HeapBaseMinAddress
#     to set the Java Heap base and to place the Java Heap above 4GB virtual address.
# This output file may be truncated or incomplete.
#
#  Out of Memory Error (allocation.cpp:44), pid=26120, tid=1736
#
# JRE version:  (17.0.6+10) (build )
# Java VM: OpenJDK 64-Bit Server VM (17.0.6+10-b829.5, mixed mode, sharing, tiered, compressed oops, compressed class ptrs, g1 gc, windows-amd64)
# No core dump will be written. Minidumps are not enabled by default on client versions of Windows
#

---------------  S U M M A R Y ------------

Command Line: git4idea.http.GitAskPassApp Username for 'https://github.com': 

Host: 13th Gen Intel(R) Core(TM) i7-13700K, 24 cores, 15G,  Windows 10 , 64 bit Build 19041 (10.0.19041.5198)
Time: Thu Jan 30 08:54:01 2025  Windows 10 , 64 bit Build 19041 (10.0.19041.5198) elapsed time: 0.003830 seconds (0d 0h 0m 0s)

---------------  T H R E A D  ---------------

Current thread (0x000001b1f6d66c60):  JavaThread "Unknown thread" [_thread_in_vm, id=1736, stack(0x0000003148100000,0x0000003148200000)]

Stack: [0x0000003148100000,0x0000003148200000]
Native frames: (J=compiled Java code, j=interpreted, Vv=VM code, C=native code)
V  [jvm.dll+0x683b4a]
V  [jvm.dll+0x842654]
V  [jvm.dll+0x843dfe]
V  [jvm.dll+0x844463]
V  [jvm.dll+0x249b75]
V  [jvm.dll+0xa641f]
V  [jvm.dll+0x2db8c4]
V  [jvm.dll+0x813f0c]
V  [jvm.dll+0x36e6a1]
V  [jvm.dll+0x7f347c]
V  [jvm.dll+0x3f0e8f]
V  [jvm.dll+0x3f29d1]
C  [jli.dll+0x526b]
C  [ucrtbase.dll+0x21bb2]
C  [KERNEL32.DLL+0x17374]
C  [ntdll.dll+0x4cc91]


---------------  P R O C E S S  ---------------

Threads class SMR info:
_java_thread_list=0x00007ffa84cbc058, length=0, elements={
}

Java Threads: ( => current thread )

Other Threads:

=>0x000001b1f6d66c60 (exited) JavaThread "Unknown thread" [_thread_in_vm, id=1736, stack(0x0000003148100000,0x0000003148200000)]

Threads with active compile tasks:

VM state: not at safepoint (not fully initialized)

VM Mutex/Monitor currently owned by a thread: None

Heap address: 0x0000000000000000, size: 0 MB, Compressed Oops mode: 32-bit

CDS archive(s) mapped at: [0x0000000000000000-0x0000000000000000-0x0000000000000000), size 0, SharedBaseAddress: 0x0000000800000000, ArchiveRelocationMode: 0.
Narrow klass base: 0x0000000000000000, Narrow klass shift: 0, Narrow klass range: 0x0

GC Precious Log:
<Empty>

GC Heap History (0 events):
No events

Dll operation events (1 events):
Event: 0.002 Loaded shared library C:\Program Files\JetBrains\IntelliJ IDEA 2023.1\jbr\bin\java.dll

Deoptimization events (0 events):
No events

Classes unloaded (0 events):
No events

Classes redefined (0 events):
No events

Internal exceptions (0 events):
No events

VM Operations (0 events):
No events

Events (0 events):
No events


Dynamic libraries:
0x00007ff685c20000 - 0x00007ff685c2a000 	C:\Program Files\JetBrains\IntelliJ IDEA 2023.1\jbr\bin\java.exe
0x00007ffac7d50000 - 0x00007ffac7f48000 	C:\Windows\SYSTEM32\ntdll.dll
0x00007ffac72b0000 - 0x00007ffac7372000 	C:\Windows\System32\KERNEL32.DLL
0x00007ffac5510000 - 0x00007ffac580f000 	C:\Windows\System32\KERNELBASE.dll
0x00007ffac5410000 - 0x00007ffac5510000 	C:\Windows\System32\ucrtbase.dll
0x00007ffaa7530000 - 0x00007ffaa7547000 	C:\Program Files\JetBrains\IntelliJ IDEA 2023.1\jbr\bin\jli.dll
0x00007ffab3400000 - 0x00007ffab341b000 	C:\Program Files\JetBrains\IntelliJ IDEA 2023.1\jbr\bin\VCRUNTIME140.dll
0x00007ffac6990000 - 0x00007ffac6b2d000 	C:\Windows\System32\USER32.dll
0x00007ffac58f0000 - 0x00007ffac5912000 	C:\Windows\System32\win32u.dll
0x00007ffac64d0000 - 0x00007ffac64fb000 	C:\Windows\System32\GDI32.dll
0x00007ffaac1e0000 - 0x00007ffaac47a000 	C:\Windows\WinSxS\amd64_microsoft.windows.common-controls_6595b64144ccf1df_6.0.19041.4355_none_60b8b9eb71f62e16\COMCTL32.dll
0x00007ffac59c0000 - 0x00007ffac5ad7000 	C:\Windows\System32\gdi32full.dll
0x00007ffac5920000 - 0x00007ffac59bd000 	C:\Windows\System32\msvcp_win.dll
0x00007ffac68f0000 - 0x00007ffac698e000 	C:\Windows\System32\msvcrt.dll
0x00007ffac6790000 - 0x00007ffac67bf000 	C:\Windows\System32\IMM32.DLL
0x00007ffabef90000 - 0x00007ffabef9c000 	C:\Program Files\JetBrains\IntelliJ IDEA 2023.1\jbr\bin\vcruntime140_1.dll
0x00007ffa897c0000 - 0x00007ffa8984d000 	C:\Program Files\JetBrains\IntelliJ IDEA 2023.1\jbr\bin\msvcp140.dll
0x00007ffa84180000 - 0x00007ffa84ded000 	C:\Program Files\JetBrains\IntelliJ IDEA 2023.1\jbr\bin\server\jvm.dll
0x00007ffac7390000 - 0x00007ffac7441000 	C:\Windows\System32\ADVAPI32.dll
0x00007ffac7c70000 - 0x00007ffac7d0f000 	C:\Windows\System32\sechost.dll
0x00007ffac67c0000 - 0x00007ffac68e3000 	C:\Windows\System32\RPCRT4.dll
0x00007ffac53e0000 - 0x00007ffac5407000 	C:\Windows\System32\bcrypt.dll
0x00007ffaba8d0000 - 0x00007ffaba8f7000 	C:\Windows\SYSTEM32\WINMM.dll
0x00007ffac00f0000 - 0x00007ffac00f9000 	C:\Windows\SYSTEM32\WSOCK32.dll
0x00007ffaba900000 - 0x00007ffaba90a000 	C:\Windows\SYSTEM32\VERSION.dll
0x00007ffac66c0000 - 0x00007ffac672b000 	C:\Windows\System32\WS2_32.dll
0x00007ffac3280000 - 0x00007ffac3292000 	C:\Windows\SYSTEM32\kernel.appcore.dll
0x00007ffab8400000 - 0x00007ffab840a000 	C:\Program Files\JetBrains\IntelliJ IDEA 2023.1\jbr\bin\jimage.dll
0x00007ffabd410000 - 0x00007ffabd5f4000 	C:\Windows\SYSTEM32\DBGHELP.DLL
0x00007ffa98be0000 - 0x00007ffa98c14000 	C:\Windows\SYSTEM32\dbgcore.DLL
0x00007ffac5810000 - 0x00007ffac5892000 	C:\Windows\System32\bcryptPrimitives.dll
0x00007ffab83b0000 - 0x00007ffab83d5000 	C:\Program Files\JetBrains\IntelliJ IDEA 2023.1\jbr\bin\java.dll

dbghelp: loaded successfully - version: 4.0.5 - missing functions: none
symbol engine: initialized successfully - sym options: 0x614 - pdb path: .;C:\Program Files\JetBrains\IntelliJ IDEA 2023.1\jbr\bin;C:\Windows\SYSTEM32;C:\Windows\WinSxS\amd64_microsoft.windows.common-controls_6595b64144ccf1df_6.0.19041.4355_none_60b8b9eb71f62e16;C:\Program Files\JetBrains\IntelliJ IDEA 2023.1\jbr\bin\server

VM Arguments:
java_command: git4idea.http.GitAskPassApp Username for 'https://github.com': 
java_class_path (initial): C:/Program Files/JetBrains/IntelliJ IDEA 2023.1/plugins/vcs-git/lib/git4idea-rt.jar;C:/Program Files/JetBrains/IntelliJ IDEA 2023.1/lib/externalProcess-rt.jar
Launcher Type: SUN_STANDARD

[Global flags]
     intx CICompilerCount                          = 12                                        {product} {ergonomic}
     uint ConcGCThreads                            = 5                                         {product} {ergonomic}
     uint G1ConcRefinementThreads                  = 18                                        {product} {ergonomic}
   size_t G1HeapRegionSize                         = 2097152                                   {product} {ergonomic}
    uintx GCDrainStackTargetSize                   = 64                                        {product} {ergonomic}
   size_t InitialHeapSize                          = 266338304                                 {product} {ergonomic}
   size_t MarkStackSize                            = 4194304                                   {product} {ergonomic}
   size_t MaxHeapSize                              = 4246732800                                {product} {ergonomic}
   size_t MinHeapDeltaBytes                        = 2097152                                   {product} {ergonomic}
   size_t MinHeapSize                              = 8388608                                   {product} {ergonomic}
    uintx NonNMethodCodeHeapSize                   = 7602480                                {pd product} {ergonomic}
    uintx NonProfiledCodeHeapSize                  = 122027880                              {pd product} {ergonomic}
    uintx ProfiledCodeHeapSize                     = 122027880                              {pd product} {ergonomic}
    uintx ReservedCodeCacheSize                    = 251658240                              {pd product} {ergonomic}
     bool SegmentedCodeCache                       = true                                      {product} {ergonomic}
   size_t SoftMaxHeapSize                          = 4246732800                             {manageable} {ergonomic}
     bool UseCompressedClassPointers               = true                           {product lp64_product} {ergonomic}
     bool UseCompressedOops                        = true                           {product lp64_product} {ergonomic}
     bool UseG1GC                                  = true                                      {product} {ergonomic}
     bool UseLargePagesIndividualAllocation        = false                                  {pd product} {ergonomic}

Logging:
Log output configuration:
 #0: stdout all=warning uptime,level,tags
 #1: stderr all=off uptime,level,tags

Environment Variables:
JAVA_HOME=C:\Program Files\Java\jdk-23
PATH=C:\Program Files\Git\mingw64\libexec\git-core;C:\Program Files\Git\mingw64\libexec\git-core;C:\Program Files\Git\mingw64\bin;C:\Program Files\Git\usr\bin;C:\Users\Volodymyr\bin;D:\gradle-8.11.1\bin;C:\Program Files\Common Files\Oracle\Java\javapath;C:\Program Files (x86)\Common Files\Oracle\Java\javapath;C:\Windows\system32;C:\Windows;C:\Windows\System32\Wbem;C:\Windows\System32\WindowsPowerShell\v1.0;C:\Windows\System32\OpenSSH;C:\Program Files\Microsoft SQL Server\150\Tools\Binn;C:\Program Files (x86)\AOMEI\AOMEI Backupper\7.2.1;C:\Program Files\dotnet;C:\Program Files\MATLAB\R2023b\bin;C:\Program Files\Microsoft SQL Server\Client SDK\ODBC\170\Tools\Binn;C:\Program Files\apache-maven-3.9.9\bin;C:\Program Files\Git\cmd;D:\gradle-8.11.1\bin;C:\Users\Volodymyr\AppData\Local\Programs\Python\Python310\Scripts;C:\Users\Volodymyr\AppData\Local\Programs\Python\Python310;C:\Users\Volodymyr\AppData\Local\Microsoft\WindowsApps;C:\Program Files\JetBrains\IntelliJ IDEA 2023.1\bin;C:\Users\Volodymyr\.dotnet\tools;D:\JetBrains Rider 2023.3.4\bin;C:\Users\Volodymyr\AppData\Local\GitHubDesktop\bin
USERNAME=Volodymyr
DISPLAY=:0.0
LC_ALL=en_US.UTF-8
TERM=xterm-256color
TMPDIR=C:\Users\VOLODY~1\AppData\Local\Temp
OS=Windows_NT
PROCESSOR_IDENTIFIER=Intel64 Family 6 Model 183 Stepping 1, GenuineIntel
TMP=C:\Users\VOLODY~1\AppData\Local\Temp
TEMP=C:\Users\VOLODY~1\AppData\Local\Temp



---------------  S Y S T E M  ---------------

OS:
 Windows 10 , 64 bit Build 19041 (10.0.19041.5198)
OS uptime: 1 days 9:19 hours

CPU: total 24 (initial active 24) (12 cores per cpu, 2 threads per core) family 6 model 183 stepping 1 microcode 0x10c, cx8, cmov, fxsr, ht, mmx, 3dnowpref, sse, sse2, sse3, ssse3, sse4.1, sse4.2, popcnt, lzcnt, tsc, tscinvbit, avx, avx2, aes, erms, clmul, bmi1, bmi2, adx, sha, fma, vzeroupper, clflush, clflushopt, clwb

Memory: 4k page, system-wide physical 16193M (4113M free)
TotalPageFile size 40769M (AvailPageFile size 5M)
current process WorkingSet (physical memory assigned to process): 9M, peak: 9M
current process commit charge ("private bytes"): 13M, peak: 14M

vm_info: OpenJDK 64-Bit Server VM (17.0.6+10-b829.5) for windows-amd64 JRE (17.0.6+10-b829.5), built on 2023-02-24 by "builduser" with MS VC++ 16.10 / 16.11 (VS2019)

END.
